top
shiftreg
counter
shiftregister_pipo
junsignedarraymultiplier
counter8bit
jboothmultiplier
counter4bit
jfsmmealywithoverlap
jfsmmoorewithoverlap
jbasicgates
jserialadder
jtransmissiongate
ixorxnor
counter6bit
state_machine
halfadder
ram_dual
uart
arbiter
parallel_crc
clk_div_45
lfsr
one_hot_cnt
rom_using_file
cam
counter16bit
i2c_master_top
counter3bit
cpu
counter5bit
multitlv
ledmaker
trafficmaker
counter32bit
us_sensor
traffic_light_controller
calculator
division
downcounter32bit
ddr2_controller
counter64bit
counter51bit
intr_cntrl
spi
